Collecting asn1crypto==0.24.0 (from -r requirements.txt (line 1))
  Using cached asn1crypto-0.24.0-py2.py3-none-any.whl (101 kB)
Collecting certifi==2018.4.16 (from -r requirements.txt (line 2))
  Using cached certifi-2018.4.16-py2.py3-none-any.whl (150 kB)
Collecting cffi==1.11.5 (from -r requirements.txt (line 3))
  Using cached cffi-1.11.5.tar.gz (438 kB)
  Installing build dependencies: started
  Installing build dependencies: finished with status 'done'
  Getting requirements to build wheel: started
  Getting requirements to build wheel: finished with status 'done'
  Preparing metadata (pyproject.toml): started
  Preparing metadata (pyproject.toml): finished with status 'done'
Collecting chardet==3.0.4 (from -r requirements.txt (line 4))
  Using cached chardet-3.0.4-py2.py3-none-any.whl (133 kB)
Collecting cryptography==2.3 (from -r requirements.txt (line 5))
  Using cached cryptography-2.3-cp34-abi3-macosx_10_6_intel.whl (1.5 MB)
Collecting decorator==4.3.0 (from -r requirements.txt (line 6))
  Using cached decorator-4.3.0-py2.py3-none-any.whl (9.2 kB)
Collecting gevent==1.2.2 (from -r requirements.txt (line 7))
  Using cached gevent-1.2.2.tar.gz (3.1 MB)
  Installing build dependencies: started
  Installing build dependencies: finished with status 'done'
  Getting requirements to build wheel: started
  Getting requirements to build wheel: finished with status 'done'
  Preparing metadata (pyproject.toml): started
  Preparing metadata (pyproject.toml): finished with status 'done'
Collecting greenlet==0.4.13 (from -r requirements.txt (line 8))
  Using cached greenlet-0.4.13.tar.gz (58 kB)
  Installing build dependencies: started
  Installing build dependencies: finished with status 'done'
  Getting requirements to build wheel: started
  Getting requirements to build wheel: finished with status 'done'
  Preparing metadata (pyproject.toml): started
  Preparing metadata (pyproject.toml): finished with status 'done'
Collecting grequests==0.3.0 (from -r requirements.txt (line 9))
  Using cached grequests-0.3.0-py3-none-any.whl
Collecting idna==2.6 (from -r requirements.txt (line 10))
  Using cached idna-2.6-py2.py3-none-any.whl (56 kB)
Collecting ntlm-auth==1.1.0 (from -r requirements.txt (line 11))
  Using cached ntlm_auth-1.1.0-py2.py3-none-any.whl (33 kB)
Collecting pip==9.0.1 (from -r requirements.txt (line 12))
  Using cached pip-9.0.1-py2.py3-none-any.whl (1.3 MB)
Collecting pycparser==2.18 (from -r requirements.txt (line 13))
  Using cached pycparser-2.18-py2.py3-none-any.whl
Collecting requests==2.18.4 (from -r requirements.txt (line 14))
  Using cached requests-2.18.4-py2.py3-none-any.whl (88 kB)
Collecting requests-ntlm==1.1.0 (from -r requirements.txt (line 15))
  Using cached requests_ntlm-1.1.0-py2.py3-none-any.whl (5.7 kB)
Collecting setuptools==28.8.0 (from -r requirements.txt (line 16))
  Using cached setuptools-28.8.0-py2.py3-none-any.whl (472 kB)
Requirement already satisfied: six==1.11.0 in /Library/Frameworks/Python.framework/Versions/3.10/lib/python3.10/site-packages (from -r requirements.txt (line 17)) (1.11.0)
Requirement already satisfied: urllib3==1.22 in /Library/Frameworks/Python.framework/Versions/3.10/lib/python3.10/site-packages (from -r requirements.txt (line 18)) (1.22)
Collecting validators==0.12.1 (from -r requirements.txt (line 19))
  Using cached validators-0.12.1-py3-none-any.whl
Collecting shodan (from -r requirements.txt (line 20))
  Using cached shodan-1.28.0-py3-none-any.whl
Collecting click (from shodan->-r requirements.txt (line 20))
  Using cached click-8.1.3-py3-none-any.whl (96 kB)
Collecting click-plugins (from shodan->-r requirements.txt (line 20))
  Using cached click_plugins-1.1.1-py2.py3-none-any.whl (7.5 kB)
Collecting colorama (from shodan->-r requirements.txt (line 20))
  Using cached colorama-0.4.6-py2.py3-none-any.whl (25 kB)
Collecting XlsxWriter (from shodan->-r requirements.txt (line 20))
  Using cached XlsxWriter-3.1.0-py3-none-any.whl (152 kB)
Building wheels for collected packages: cffi, gevent, greenlet
  Building wheel for cffi (pyproject.toml): started
  Building wheel for cffi (pyproject.toml): finished with status 'error'
  Building wheel for gevent (pyproject.toml): started
  Building wheel for gevent (pyproject.toml): finished with status 'error'
  Building wheel for greenlet (pyproject.toml): started
  Building wheel for greenlet (pyproject.toml): finished with status 'error'
Failed to build cffi gevent greenlet
